[06:30:46] ════════════════════════════════════════════════════════════════════════════════
[06:30:46] 🚀 SignalFlow Started | Mode: PAPER | Symbols: SPY, AAPL, MSFT, NVDA, GOOGL, META, GME
[06:30:46] ════════════════════════════════════════════════════════════════════════════════
[06:30:47] Paper broker initialized with $100000.00
[06:30:47] Paper broker initialized with $100,000
[06:30:47] Initializing SPY...
[06:30:47] Performing startup recovery for SPY...
[06:30:47] [DEBUG] Daily state file not found: /Users/billymiller/Desktop/signalFlow/data/state/SPY-2026-01-30-state.json
[06:30:47] [DEBUG] No current position file for SPY
[06:30:47] [DEBUG] Saved daily state for SPY: Session=WAITING, Traded=false
[06:30:47] Created new daily state for SPY
[06:30:47] [DEBUG] No position for SPY - normal state
[06:30:47] Startup recovery complete for SPY
[06:30:47] SPY initialized: Session=WAITING, Position=NO
[06:30:47] Initializing AAPL...
[06:30:47] Performing startup recovery for AAPL...
[06:30:47] [DEBUG] Daily state file not found: /Users/billymiller/Desktop/signalFlow/data/state/AAPL-2026-01-30-state.json
[06:30:47] [DEBUG] No current position file for AAPL
[06:30:47] [DEBUG] Saved daily state for AAPL: Session=WAITING, Traded=false
[06:30:47] Created new daily state for AAPL
[06:30:47] [DEBUG] No position for AAPL - normal state
[06:30:47] Startup recovery complete for AAPL
[06:30:47] AAPL initialized: Session=WAITING, Position=NO
[06:30:47] Initializing MSFT...
[06:30:47] Performing startup recovery for MSFT...
[06:30:47] [DEBUG] Daily state file not found: /Users/billymiller/Desktop/signalFlow/data/state/MSFT-2026-01-30-state.json
[06:30:47] [DEBUG] No current position file for MSFT
[06:30:47] [DEBUG] Saved daily state for MSFT: Session=WAITING, Traded=false
[06:30:47] Created new daily state for MSFT
[06:30:47] [DEBUG] No position for MSFT - normal state
[06:30:47] Startup recovery complete for MSFT
[06:30:47] MSFT initialized: Session=WAITING, Position=NO
[06:30:47] Initializing NVDA...
[06:30:47] Performing startup recovery for NVDA...
[06:30:47] [DEBUG] Daily state file not found: /Users/billymiller/Desktop/signalFlow/data/state/NVDA-2026-01-30-state.json
[06:30:47] [DEBUG] No current position file for NVDA
[06:30:47] [DEBUG] Saved daily state for NVDA: Session=WAITING, Traded=false
[06:30:47] Created new daily state for NVDA
[06:30:47] [DEBUG] No position for NVDA - normal state
[06:30:47] Startup recovery complete for NVDA
[06:30:47] NVDA initialized: Session=WAITING, Position=NO
[06:30:47] Initializing GOOGL...
[06:30:47] Performing startup recovery for GOOGL...
[06:30:47] [DEBUG] Daily state file not found: /Users/billymiller/Desktop/signalFlow/data/state/GOOGL-2026-01-30-state.json
[06:30:47] [DEBUG] No current position file for GOOGL
[06:30:47] [DEBUG] Saved daily state for GOOGL: Session=WAITING, Traded=false
[06:30:47] Created new daily state for GOOGL
[06:30:47] [DEBUG] No position for GOOGL - normal state
[06:30:47] Startup recovery complete for GOOGL
[06:30:47] GOOGL initialized: Session=WAITING, Position=NO
[06:30:47] Initializing META...
[06:30:47] Performing startup recovery for META...
[06:30:47] [DEBUG] Daily state file not found: /Users/billymiller/Desktop/signalFlow/data/state/META-2026-01-30-state.json
[06:30:47] [DEBUG] No current position file for META
[06:30:47] [DEBUG] Saved daily state for META: Session=WAITING, Traded=false
[06:30:47] Created new daily state for META
[06:30:47] [DEBUG] No position for META - normal state
[06:30:47] Startup recovery complete for META
[06:30:47] META initialized: Session=WAITING, Position=NO
[06:30:47] Initializing GME...
[06:30:47] Performing startup recovery for GME...
[06:30:47] [DEBUG] Daily state file not found: /Users/billymiller/Desktop/signalFlow/data/state/GME-2026-01-30-state.json
[06:30:47] [DEBUG] No current position file for GME
[06:30:47] [DEBUG] Saved daily state for GME: Session=WAITING, Traded=false
[06:30:47] Created new daily state for GME
[06:30:47] [DEBUG] No position for GME - normal state
[06:30:47] Startup recovery complete for GME
[06:30:47] GME initialized: Session=WAITING, Position=NO
[06:30:47] System initialization complete
[06:30:47] Market is open - starting trading session
[06:30:47] [DEBUG] Waiting for 09:35 EST (current: 09:30 EST)
[06:31:17] [DEBUG] Waiting for 09:35 EST (current: 09:31 EST)
[06:31:47] [DEBUG] Waiting for 09:35 EST (current: 09:31 EST)
[06:32:17] [DEBUG] Waiting for 09:35 EST (current: 09:32 EST)
[06:32:47] [DEBUG] Waiting for 09:35 EST (current: 09:32 EST)
[06:42:32] Capturing opening range for SPY...
[06:42:32] [DEBUG] Fetching 5-min candles for SPY on 2026-01-30
[06:42:32] [DEBUG] Fetched 3 5-min candles for SPY
[06:42:32] [DEBUG] Fetching 2 daily candles for SPY
[06:42:32] [DEBUG] Fetched 9 daily candles for SPY
[06:42:32] [DEBUG] Previous close for SPY: 693.27
[06:42:32] [DEBUG] Pre-market gap: -0.21% (open: 691.78, prev close: 693.27)
[06:42:32] Opening range calculated for SPY: High=693.33, Low=691.33, Size=0.29%
[06:42:32] 
════════════════════════════════════════════════════════════
[06:42:32] FILTER SCORECARD - SPY Opening Range Analysis
[06:42:32] ════════════════════════════════════════════════════════════
[06:42:32] [DEBUG] Pre-market gap: -0.21% (open: 691.78, prev close: 693.27)
[06:42:32] ✅ Filter 2: Pre-market Gap = -0.21% (limit: 1%)
[06:42:32] ✅ Filter 3: Range Min = 0.29% (minimum: 0.15%)
[06:42:32] ✅ Filter 4: Range Max = 0.29% (maximum: 1.5%)
[06:42:32] [DEBUG] Opening range strength: 8.8/10 (size: 1.8, bias: 2, body: 65%)
[06:42:32] ✅ Filter 5: Range Strength = 8.8/10 (minimum: 5)
[06:42:32] ────────────────────────────────────────────────────────────
[06:42:32] RESULT: 4/4 filters passed
[06:42:32] ════════════════════════════════════════════════════════════

[06:42:32] Opening range valid: 0.29% (within 0.15% - 1.5%)
[06:42:32] [DEBUG] Loaded daily state for SPY: Session=WAITING, Traded=false
[06:42:32] [DEBUG] Saved daily state for SPY: Session=MONITORING, Traded=false
[06:42:32] Updated opening range for SPY: 693.33 / 691.33
[06:42:32] 📊 OPENING RANGE: SPY | High: $693.33 | Low: $691.33 | Size: 0.29%
[06:42:33] Capturing opening range for AAPL...
[06:42:33] [DEBUG] Fetching 5-min candles for AAPL on 2026-01-30
[06:42:33] [DEBUG] Fetched 3 5-min candles for AAPL
[06:42:33] [DEBUG] Fetching 2 daily candles for AAPL
[06:42:33] [DEBUG] Fetched 9 daily candles for AAPL
[06:42:33] [DEBUG] Previous close for AAPL: 253.885
[06:42:33] [DEBUG] Pre-market gap: +0.50% (open: 255.165, prev close: 253.885)
[06:42:33] Opening range calculated for AAPL: High=256.96, Low=252.18, Size=1.88%
[06:42:33] 
════════════════════════════════════════════════════════════
[06:42:33] FILTER SCORECARD - AAPL Opening Range Analysis
[06:42:33] ════════════════════════════════════════════════════════════
[06:42:33] [DEBUG] Pre-market gap: +0.50% (open: 255.165, prev close: 253.885)
[06:42:33] ✅ Filter 2: Pre-market Gap = +0.50% (limit: 1%)
[06:42:33] ✅ Filter 3: Range Min = 1.88% (minimum: 0.15%)
[06:42:33] ❌ Filter 4: Range Max = 1.88% (maximum: 1.5%)
[06:42:33] [DEBUG] Opening range strength: 3.7/10 (size: 0.7, bias: 0, body: 24%)
[06:42:33] ❌ Filter 5: Range Strength = 3.7/10 (minimum: 5)
[06:42:33] ────────────────────────────────────────────────────────────
[06:42:33] RESULT: 2/4 filters passed
[06:42:33] ════════════════════════════════════════════════════════════

[06:42:33] [DEBUG] Opening range rejected: Too wide (1.88% > 1.5%). Market may be too volatile.
[06:42:33] Opening range rejected for AAPL (size: 1.88%)
[06:42:33] [DEBUG] Loaded daily state for AAPL: Session=WAITING, Traded=false
[06:42:33] [DEBUG] Saved daily state for AAPL: Session=DONE, Traded=true
[06:42:33] Marked trade executed for AAPL
[06:42:33] Capturing opening range for MSFT...
[06:42:33] [DEBUG] Fetching 5-min candles for MSFT on 2026-01-30
[06:42:33] [DEBUG] Fetched 3 5-min candles for MSFT
[06:42:33] [DEBUG] Fetching 2 daily candles for MSFT
[06:42:33] [DEBUG] Fetched 9 daily candles for MSFT
[06:42:33] [DEBUG] Previous close for MSFT: 433.097
[06:42:33] [DEBUG] Pre-market gap: +1.38% (open: 439.07, prev close: 433.097)
[06:42:33] Pre-market gap too large: +1.38% (max: 1%)
[06:42:33] Opening range rejected for MSFT: Pre-market gap too large (+1.38%)
[06:42:34] [DEBUG] Loaded daily state for MSFT: Session=WAITING, Traded=false
[06:42:34] [DEBUG] Saved daily state for MSFT: Session=DONE, Traded=true
[06:42:34] Marked trade executed for MSFT
[06:42:34] Capturing opening range for NVDA...
[06:42:34] [DEBUG] Fetching 5-min candles for NVDA on 2026-01-30
[06:42:34] [DEBUG] Fetched 3 5-min candles for NVDA
[06:42:34] [DEBUG] Fetching 2 daily candles for NVDA
[06:42:34] [DEBUG] Fetched 9 daily candles for NVDA
[06:42:34] [DEBUG] Previous close for NVDA: 192.805
[06:42:34] [DEBUG] Pre-market gap: -0.83% (open: 191.21, prev close: 192.805)
[06:42:34] Opening range calculated for NVDA: High=192.54, Low=190.9096, Size=0.85%
[06:42:34] 
════════════════════════════════════════════════════════════
[06:42:34] FILTER SCORECARD - NVDA Opening Range Analysis
[06:42:34] ════════════════════════════════════════════════════════════
[06:42:34] [DEBUG] Pre-market gap: -0.83% (open: 191.21, prev close: 192.805)
[06:42:34] ✅ Filter 2: Pre-market Gap = -0.83% (limit: 1%)
[06:42:34] ✅ Filter 3: Range Min = 0.85% (minimum: 0.15%)
[06:42:34] ✅ Filter 4: Range Max = 0.85% (maximum: 1.5%)
[06:42:34] [DEBUG] Opening range strength: 9.9/10 (size: 2.9, bias: 2, body: 72%)
[06:42:34] ✅ Filter 5: Range Strength = 9.9/10 (minimum: 5)
[06:42:34] ────────────────────────────────────────────────────────────
[06:42:34] RESULT: 4/4 filters passed
[06:42:34] ════════════════════════════════════════════════════════════

[06:42:34] Opening range valid: 0.85% (within 0.15% - 1.5%)
[06:42:34] [DEBUG] Loaded daily state for NVDA: Session=WAITING, Traded=false
[06:42:34] [DEBUG] Saved daily state for NVDA: Session=MONITORING, Traded=false
[06:42:34] Updated opening range for NVDA: 192.54 / 190.9096
[06:42:34] 📊 OPENING RANGE: NVDA | High: $192.54 | Low: $190.91 | Size: 0.85%
[06:42:34] Capturing opening range for GOOGL...
[06:42:34] [DEBUG] Fetching 5-min candles for GOOGL on 2026-01-30
[06:42:34] [DEBUG] Fetched 3 5-min candles for GOOGL
[06:42:34] [DEBUG] Fetching 2 daily candles for GOOGL
[06:42:34] [DEBUG] Fetched 9 daily candles for GOOGL
[06:42:34] [DEBUG] Previous close for GOOGL: 336.6011
[06:42:34] [DEBUG] Pre-market gap: -0.75% (open: 334.07, prev close: 336.6011)
[06:42:34] Opening range calculated for GOOGL: High=340, Low=332.285, Size=2.30%
[06:42:34] 
════════════════════════════════════════════════════════════
[06:42:34] FILTER SCORECARD - GOOGL Opening Range Analysis
[06:42:34] ════════════════════════════════════════════════════════════
[06:42:34] [DEBUG] Pre-market gap: -0.75% (open: 334.07, prev close: 336.6011)
[06:42:34] ✅ Filter 2: Pre-market Gap = -0.75% (limit: 1%)
[06:42:34] ✅ Filter 3: Range Min = 2.30% (minimum: 0.15%)
[06:42:34] ❌ Filter 4: Range Max = 2.30% (maximum: 1.5%)
[06:42:34] [DEBUG] Opening range strength: 4.7/10 (size: -0.3, bias: 2, body: 4%)
[06:42:34] ❌ Filter 5: Range Strength = 4.7/10 (minimum: 5)
[06:42:34] ────────────────────────────────────────────────────────────
[06:42:34] RESULT: 2/4 filters passed
[06:42:34] ════════════════════════════════════════════════════════════

[06:42:34] [DEBUG] Opening range rejected: Too wide (2.30% > 1.5%). Market may be too volatile.
[06:42:34] Opening range rejected for GOOGL (size: 2.30%)
[06:42:34] [DEBUG] Loaded daily state for GOOGL: Session=WAITING, Traded=false
[06:42:34] [DEBUG] Saved daily state for GOOGL: Session=DONE, Traded=true
[06:42:34] Marked trade executed for GOOGL
[06:42:34] Capturing opening range for META...
[06:42:34] [DEBUG] Fetching 5-min candles for META on 2026-01-30
[06:42:34] [DEBUG] Fetched 3 5-min candles for META
[06:42:34] [DEBUG] Fetching 2 daily candles for META
[06:42:35] [DEBUG] Fetched 9 daily candles for META
[06:42:35] [DEBUG] Previous close for META: 722.82
[06:42:35] [DEBUG] Pre-market gap: +0.72% (open: 728.06, prev close: 722.82)
[06:42:35] Opening range calculated for META: High=732.17, Low=722.71, Size=1.30%
[06:42:35] 
════════════════════════════════════════════════════════════
[06:42:35] FILTER SCORECARD - META Opening Range Analysis
[06:42:35] ════════════════════════════════════════════════════════════
[06:42:35] [DEBUG] Pre-market gap: +0.72% (open: 728.06, prev close: 722.82)
[06:42:35] ✅ Filter 2: Pre-market Gap = +0.72% (limit: 1%)
[06:42:35] ✅ Filter 3: Range Min = 1.30% (minimum: 0.15%)
[06:42:35] ✅ Filter 4: Range Max = 1.30% (maximum: 1.5%)
[06:42:35] [DEBUG] Opening range strength: 6.9/10 (size: 1.9, bias: 2, body: 41%)
[06:42:35] ✅ Filter 5: Range Strength = 6.9/10 (minimum: 5)
[06:42:35] ────────────────────────────────────────────────────────────
[06:42:35] RESULT: 4/4 filters passed
[06:42:35] ════════════════════════════════════════════════════════════

[06:42:35] Opening range valid: 1.30% (within 0.15% - 1.5%)
[06:42:35] [DEBUG] Loaded daily state for META: Session=WAITING, Traded=false
[06:42:35] [DEBUG] Saved daily state for META: Session=MONITORING, Traded=false
[06:42:35] Updated opening range for META: 732.17 / 722.71
[06:42:35] 📊 OPENING RANGE: META | High: $732.17 | Low: $722.71 | Size: 1.30%
[06:42:35] Capturing opening range for GME...
[06:42:35] [DEBUG] Fetching 5-min candles for GME on 2026-01-30
[06:42:35] [DEBUG] Fetched 3 5-min candles for GME
[06:42:35] [DEBUG] Fetching 2 daily candles for GME
[06:42:35] [DEBUG] Fetched 9 daily candles for GME
[06:42:35] [DEBUG] Previous close for GME: 23.636
[06:42:35] [DEBUG] Pre-market gap: -1.46% (open: 23.29, prev close: 23.636)
[06:42:35] Pre-market gap too large: -1.46% (max: 1%)
[06:42:35] Opening range rejected for GME: Pre-market gap too large (-1.46%)
[06:42:35] [DEBUG] Loaded daily state for GME: Session=WAITING, Traded=false
[06:42:35] [DEBUG] Saved daily state for GME: Session=DONE, Traded=true
[06:42:35] Marked trade executed for GME
[06:42:35] Starting main monitoring loop...
[06:42:35] [DEBUG] Fetching 1-min candles for SPY on 2026-01-30
[06:42:35] [DEBUG] Fetched 12 1-min candles for SPY
[06:42:35] 
════════════════════════════════════════════════════════════
[06:42:35] BREAKOUT FILTERS - SPY ABOVE
[06:42:35] ════════════════════════════════════════════════════════════
[06:42:35] ❌ Filter 6: Breakout Volume = 186,481 (need 655493)
[06:42:35] ✅ Filter 7: Absolute Min Volume = 186,481 (need 10,000)
[06:42:35] ✅ Filter 8: Stale Data = 1.6 min old (limit: 2.0 min)
[06:42:35] ────────────────────────────────────────────────────────────
[06:42:35] RESULT: FAIL - Insufficient volume
[06:42:35] ════════════════════════════════════════════════════════════

[06:42:35] [DEBUG] Breakout ABOVE rejected: Low volume (186481 < 655493)
[06:42:35] [DEBUG] Fetching 1-min candles for NVDA on 2026-01-30
[06:42:35] [DEBUG] Fetched 12 1-min candles for NVDA
[06:42:35] 
════════════════════════════════════════════════════════════
[06:42:35] BREAKOUT FILTERS - NVDA ABOVE
[06:42:35] ════════════════════════════════════════════════════════════
[06:42:35] ❌ Filter 6: Breakout Volume = 620,602 (need 1235698)
[06:42:35] ✅ Filter 7: Absolute Min Volume = 620,602 (need 10,000)
[06:42:35] ✅ Filter 8: Stale Data = 1.6 min old (limit: 2.0 min)
[06:42:35] ────────────────────────────────────────────────────────────
[06:42:35] RESULT: FAIL - Insufficient volume
[06:42:35] ════════════════════════════════════════════════════════════

[06:42:35] [DEBUG] Breakout ABOVE rejected: Low volume (620602 < 1235698)
[06:42:35] [DEBUG] Fetching 1-min candles for META on 2026-01-30
[06:42:35] [DEBUG] Fetched 12 1-min candles for META
[06:42:35] 
════════════════════════════════════════════════════════════
[06:42:35] BREAKOUT FILTERS - META BELOW
[06:42:35] ════════════════════════════════════════════════════════════
[06:42:35] ❌ Filter 6: Breakout Volume = 127,108 (need 302413)
[06:42:35] ✅ Filter 7: Absolute Min Volume = 127,108 (need 10,000)
[06:42:35] ✅ Filter 8: Stale Data = 1.6 min old (limit: 2.0 min)
[06:42:35] ────────────────────────────────────────────────────────────
[06:42:35] RESULT: FAIL - Insufficient volume
[06:42:35] ════════════════════════════════════════════════════════════

[06:42:35] [DEBUG] Breakout BELOW rejected: Low volume (127108 < 302413)
[06:42:45] [DEBUG] Fetching 1-min candles for SPY on 2026-01-30
[06:42:47] [DEBUG] Fetched 12 1-min candles for SPY
[06:42:47] [DEBUG] Fetching 1-min candles for NVDA on 2026-01-30
[06:42:47] [DEBUG] Fetched 12 1-min candles for NVDA
[06:42:47] [DEBUG] Fetching 1-min candles for META on 2026-01-30
[06:42:47] [DEBUG] Fetched 12 1-min candles for META
[06:42:57] [DEBUG] Fetching 1-min candles for SPY on 2026-01-30
[06:42:57] [DEBUG] Fetched 12 1-min candles for SPY
[06:42:57] [DEBUG] Fetching 1-min candles for NVDA on 2026-01-30
[06:42:57] [DEBUG] Fetched 12 1-min candles for NVDA
[06:42:57] [DEBUG] Fetching 1-min candles for META on 2026-01-30
[06:42:57] [DEBUG] Fetched 12 1-min candles for META
[06:43:07] [DEBUG] Fetching 1-min candles for SPY on 2026-01-30
[06:43:07] [DEBUG] Fetched 13 1-min candles for SPY
[06:43:07] 
════════════════════════════════════════════════════════════
[06:43:07] BREAKOUT FILTERS - SPY ABOVE
[06:43:07] ════════════════════════════════════════════════════════════
[06:43:07] ❌ Filter 6: Breakout Volume = 159,540 (need 655493)
[06:43:07] ✅ Filter 7: Absolute Min Volume = 159,540 (need 10,000)
[06:43:07] ✅ Filter 8: Stale Data = 1.1 min old (limit: 2.0 min)
[06:43:07] ────────────────────────────────────────────────────────────
[06:43:07] RESULT: FAIL - Insufficient volume
[06:43:07] ════════════════════════════════════════════════════════════

[06:43:07] [DEBUG] Breakout ABOVE rejected: Low volume (159540 < 655493)
[06:43:07] [DEBUG] Fetching 1-min candles for NVDA on 2026-01-30
[06:43:08] [DEBUG] Fetched 13 1-min candles for NVDA
[06:43:08] 
════════════════════════════════════════════════════════════
[06:43:08] BREAKOUT FILTERS - NVDA ABOVE
[06:43:08] ════════════════════════════════════════════════════════════
[06:43:08] ❌ Filter 6: Breakout Volume = 572,769 (need 1235698)
[06:43:08] ✅ Filter 7: Absolute Min Volume = 572,769 (need 10,000)
[06:43:08] ✅ Filter 8: Stale Data = 1.1 min old (limit: 2.0 min)
[06:43:08] ────────────────────────────────────────────────────────────
[06:43:08] RESULT: FAIL - Insufficient volume
[06:43:08] ════════════════════════════════════════════════════════════

[06:43:08] [DEBUG] Breakout ABOVE rejected: Low volume (572769 < 1235698)
[06:43:08] [DEBUG] Fetching 1-min candles for META on 2026-01-30
[06:43:08] [DEBUG] Fetched 13 1-min candles for META
[06:43:08] 
════════════════════════════════════════════════════════════
[06:43:08] BREAKOUT FILTERS - META BELOW
[06:43:08] ════════════════════════════════════════════════════════════
[06:43:08] ❌ Filter 6: Breakout Volume = 99,569 (need 302413)
[06:43:08] ✅ Filter 7: Absolute Min Volume = 99,569 (need 10,000)
[06:43:08] ✅ Filter 8: Stale Data = 1.1 min old (limit: 2.0 min)
[06:43:08] ────────────────────────────────────────────────────────────
[06:43:08] RESULT: FAIL - Insufficient volume
[06:43:08] ════════════════════════════════════════════════════════════

[06:43:08] [DEBUG] Breakout BELOW rejected: Low volume (99569 < 302413)
